Added Component: Designator=*1(XTAL_SMD_49S)
Add component. Clean all parameters for all variants
Added Component: Designator=1(LQFP_48_7X7)
Add component. Clean all parameters for all variants
Added Component: Designator=C1(C_SOP_0805)
Add component. Clean all parameters for all variants
Added Component: Designator=C2(C_SOP_1206)
Add component. Clean all parameters for all variants
Added Component: Designator=C3(C_SOP_1206)
Add component. Clean all parameters for all variants
Added Component: Designator=C4(C_SOP_0805)
Add component. Clean all parameters for all variants
Added Component: Designator=C5(C_SOP_0603)
Add component. Clean all parameters for all variants
Added Component: Designator=C6(C_SOP_0603)
Add component. Clean all parameters for all variants
Added Component: Designator=C7(C_SOP_0603)
Add component. Clean all parameters for all variants
Added Component: Designator=C8(C_SOP_0603)
Add component. Clean all parameters for all variants
Added Component: Designator=C9(C_SOP_0805)
Add component. Clean all parameters for all variants
Added Component: Designator=C10(C_SOP_0805)
Add component. Clean all parameters for all variants
Added Component: Designator=C11(C_SOP_0805)
Add component. Clean all parameters for all variants
Added Component: Designator=C12(C_SOP_0805)
Add component. Clean all parameters for all variants
Added Component: Designator=C13(C_SOP_0805)
Add component. Clean all parameters for all variants
Added Component: Designator=C14(C_SOP_0805)
Add component. Clean all parameters for all variants
Added Component: Designator=D1(DIODE_1206)
Add component. Clean all parameters for all variants
Added Component: Designator=F1(Fuse_0805)
Add component. Clean all parameters for all variants
Added Component: Designator=H2(Header 2.54X3)
Add component. Clean all parameters for all variants
Added Component: Designator=H(HDR1X7H)
Add component. Clean all parameters for all variants
Add component (AddParameter): Name = "LatestRevisionDate"; Value = "17-Jul-2002"; VariantName = "[No Variations]"
Add component (AddParameter): Name = "LatestRevisionNote"; Value = "Re-released for DXP Platform."; VariantName = "[No Variations]"
Add component (AddParameter): Name = "Publisher"; Value = "Altium Limited"; VariantName = "[No Variations]"
Added Component: Designator=K1(SW_PB_3X6)
Add component. Clean all parameters for all variants
Added Component: Designator=LDO1(SOT223_3)
Add component. Clean all parameters for all variants
Added Component: Designator=LED1(LED_0603_R)
Add component. Clean all parameters for all variants
Added Component: Designator=LED2(LED_0603_R)
Add component. Clean all parameters for all variants
Added Component: Designator=LED3(LED_0603_R)
Add component. Clean all parameters for all variants
Added Component: Designator=P?(HDR1X7)
Add component. Clean all parameters for all variants
Add component (AddParameter): Name = "LatestRevisionDate"; Value = "17-Jul-2002"; VariantName = "[No Variations]"
Add component (AddParameter): Name = "LatestRevisionNote"; Value = "Re-released for DXP Platform."; VariantName = "[No Variations]"
Add component (AddParameter): Name = "Publisher"; Value = "Altium Limited"; VariantName = "[No Variations]"
Added Component: Designator=R1(R_SMD_0603)
Add component. Clean all parameters for all variants
Added Component: Designator=R2(R_SMD_0603)
Add component. Clean all parameters for all variants
Added Component: Designator=R3(R_SMD_0603)
Add component. Clean all parameters for all variants
Added Component: Designator=R4(R_SMD_0603)
Add component. Clean all parameters for all variants
Added Component: Designator=R5(R_SMD_0603)
Add component. Clean all parameters for all variants
Added Component: Designator=R6(R_SMD_0603)
Add component. Clean all parameters for all variants
Added Component: Designator=R7(R_SMD_0603)
Add component. Clean all parameters for all variants
Added Component: Designator=R8(R_SMD_0603)
Add component. Clean all parameters for all variants
Added Component: Designator=R9(R_SMD_0603)
Add component. Clean all parameters for all variants
Added Component: Designator=USB1(USB_MINI_SMD)
Add component. Clean all parameters for all variants
Added Pin To Net: NetName=3V3 Pin=1-9
Added Pin To Net: NetName=3V3 Pin=1-24
Added Pin To Net: NetName=3V3 Pin=1-36
Added Pin To Net: NetName=3V3 Pin=1-48
Added Pin To Net: NetName=3V3 Pin=C3-2
Added Pin To Net: NetName=3V3 Pin=C4-2
Added Pin To Net: NetName=3V3 Pin=C10-2
Added Pin To Net: NetName=3V3 Pin=C11-2
Added Pin To Net: NetName=3V3 Pin=C12-2
Added Pin To Net: NetName=3V3 Pin=C13-2
Added Pin To Net: NetName=3V3 Pin=H-7
Added Pin To Net: NetName=3V3 Pin=LDO1-2
Added Pin To Net: NetName=3V3 Pin=LDO1-4
Added Pin To Net: NetName=3V3 Pin=LED1-1
Added Pin To Net: NetName=3V3 Pin=LED2-1
Added Pin To Net: NetName=3V3 Pin=R7-2
Added Pin To Net: NetName=3V3 Pin=R9-2
Added Net: Name=3V3
Added Pin To Net: NetName=GND Pin=1-8
Added Pin To Net: NetName=GND Pin=1-20
Added Pin To Net: NetName=GND Pin=1-23
Added Pin To Net: NetName=GND Pin=1-35
Added Pin To Net: NetName=GND Pin=1-47
Added Pin To Net: NetName=GND Pin=C1-1
Added Pin To Net: NetName=GND Pin=C2-1
Added Pin To Net: NetName=GND Pin=C3-1
Added Pin To Net: NetName=GND Pin=C4-1
Added Pin To Net: NetName=GND Pin=C5-1
Added Pin To Net: NetName=GND Pin=C6-1
Added Pin To Net: NetName=GND Pin=C7-1
Added Pin To Net: NetName=GND Pin=C8-1
Added Pin To Net: NetName=GND Pin=C9-2
Added Pin To Net: NetName=GND Pin=C10-1
Added Pin To Net: NetName=GND Pin=C11-1
Added Pin To Net: NetName=GND Pin=C12-1
Added Pin To Net: NetName=GND Pin=C13-1
Added Pin To Net: NetName=GND Pin=C14-2
Added Pin To Net: NetName=GND Pin=D1-1
Added Pin To Net: NetName=GND Pin=H2-2
Added Pin To Net: NetName=GND Pin=H-5
Added Pin To Net: NetName=GND Pin=K1-2
Added Pin To Net: NetName=GND Pin=LDO1-1
Added Pin To Net: NetName=GND Pin=LED3-2
Added Pin To Net: NetName=GND Pin=R3-2
Added Pin To Net: NetName=GND Pin=USB1-5
Added Net: Name=GND
Added Pin To Net: NetName=Net1_25 Pin=1-25
Added Pin To Net: NetName=Net1_25 Pin=R8-1
Added Net: Name=Net1_25
Added Pin To Net: NetName=Net1_30 Pin=1-30
Added Pin To Net: NetName=Net1_30 Pin=R6-1
Added Net: Name=Net1_30
Added Pin To Net: NetName=Net1_32 Pin=1-32
Added Pin To Net: NetName=Net1_32 Pin=C5-2
Added Pin To Net: NetName=Net1_32 Pin=R5-1
Added Net: Name=Net1_32
Added Pin To Net: NetName=Net1_33 Pin=1-33
Added Pin To Net: NetName=Net1_33 Pin=C6-2
Added Pin To Net: NetName=Net1_33 Pin=R4-1
Added Net: Name=Net1_33
Added Pin To Net: NetName=Net1_41 Pin=1-41
Added Pin To Net: NetName=Net1_41 Pin=R1-1
Added Net: Name=Net1_41
Added Pin To Net: NetName=Net1_42 Pin=1-42
Added Pin To Net: NetName=Net1_42 Pin=R2-1
Added Net: Name=Net1_42
Added Pin To Net: NetName=Net1_44 Pin=1-44
Added Pin To Net: NetName=Net1_44 Pin=R3-1
Added Net: Name=Net1_44
Added Pin To Net: NetName=NetC1_2 Pin=C1-2
Added Pin To Net: NetName=NetC1_2 Pin=C2-2
Added Pin To Net: NetName=NetC1_2 Pin=D1-2
Added Pin To Net: NetName=NetC1_2 Pin=F1-2
Added Pin To Net: NetName=NetC1_2 Pin=LDO1-3
Added Net: Name=NetC1_2
Added Pin To Net: NetName=NetLED1_2 Pin=LED1-2
Added Pin To Net: NetName=NetLED1_2 Pin=R2-2
Added Net: Name=NetLED1_2
Added Pin To Net: NetName=NetLED2_2 Pin=LED2-2
Added Pin To Net: NetName=NetLED2_2 Pin=R1-2
Added Net: Name=NetLED2_2
Added Pin To Net: NetName=NetLED3_1 Pin=LED3-1
Added Pin To Net: NetName=NetLED3_1 Pin=R6-2
Added Net: Name=NetLED3_1
Added Pin To Net: NetName=NSRT Pin=1-7
Added Pin To Net: NetName=NSRT Pin=R7-1
Added Net: Name=NSRT
Added Pin To Net: NetName=OSC_IN Pin=*1-2
Added Pin To Net: NetName=OSC_IN Pin=1-5
Added Pin To Net: NetName=OSC_IN Pin=C7-2
Added Net: Name=OSC_IN
Added Pin To Net: NetName=OSC_OUT Pin=*1-1
Added Pin To Net: NetName=OSC_OUT Pin=1-6
Added Pin To Net: NetName=OSC_OUT Pin=C8-2
Added Net: Name=OSC_OUT
Added Pin To Net: NetName=SWCLK Pin=1-37
Added Pin To Net: NetName=SWCLK Pin=H2-1
Added Net: Name=SWCLK
Added Pin To Net: NetName=SWDIO Pin=1-34
Added Pin To Net: NetName=SWDIO Pin=H2-3
Added Net: Name=SWDIO
Added Pin To Net: NetName=TGT_NREST Pin=1-18
Added Pin To Net: NetName=TGT_NREST Pin=C14-1
Added Pin To Net: NetName=TGT_NREST Pin=H-3
Added Pin To Net: NetName=TGT_NREST Pin=K1-1
Added Pin To Net: NetName=TGT_NREST Pin=R9-1
Added Net: Name=TGT_NREST
Added Pin To Net: NetName=TGT_RX Pin=1-12
Added Pin To Net: NetName=TGT_RX Pin=H-1
Added Net: Name=TGT_RX
Added Pin To Net: NetName=TGT_SWCLK Pin=1-15
Added Pin To Net: NetName=TGT_SWCLK Pin=1-26
Added Pin To Net: NetName=TGT_SWCLK Pin=H-4
Added Net: Name=TGT_SWCLK
Added Pin To Net: NetName=TGT_SWDIO Pin=1-27
Added Pin To Net: NetName=TGT_SWDIO Pin=H-6
Added Pin To Net: NetName=TGT_SWDIO Pin=R8-2
Added Net: Name=TGT_SWDIO
Added Pin To Net: NetName=TGT_TX Pin=1-13
Added Pin To Net: NetName=TGT_TX Pin=H-2
Added Net: Name=TGT_TX
Added Pin To Net: NetName=USB_D+ Pin=R4-2
Added Pin To Net: NetName=USB_D+ Pin=USB1-3
Added Net: Name=USB_D+
Added Pin To Net: NetName=USB_D- Pin=R5-2
Added Pin To Net: NetName=USB_D- Pin=USB1-2
Added Net: Name=USB_D-
Added Pin To Net: NetName=VCC Pin=F1-1
Added Pin To Net: NetName=VCC Pin=USB1-1
Added Net: Name=VCC
Added Class: Name=Sheet1
Added Room: Name=Sheet1
